<?xml version="1.0" encoding="UTF-8"?>
<!-- Generated by org.testng.reporters.JUnitXMLReporter -->
<testsuite ignored="0" hostname="DESKTOP-OR6T4EF" failures="0" tests="4" name="Submit Order Test" time="46.593" errors="0" timestamp="2022-09-22T16:15:11 CEST">
  <testcase classname="Tests.SubmitOrderTest" name="submitOrder" time="15.066"/>
  <testcase classname="Tests.SubmitOrderTest" name="submitOrder" time="15.229"/>
  <testcase classname="Tests.SubmitOrderTest" name="orderHistoryTest" time="0.733"/>
  <testcase classname="Tests.SubmitOrderTest" name="orderHistoryTest" time="0.717"/>
</testsuite> <!-- Submit Order Test -->
